Using pre-set license
Built from '2020.3/staging' branch; Version is '2020.3.11f1 (99c7afb366b3) revision 10078127'; Using compiler version '192528614'; Build Type 'Release'
OS: 'Windows 10 Home; OS build 19042.928; Version 2009; 64bit' Language: 'en' Physical Memory: 16201 MB
BatchMode: 1, IsHumanControllingUs: 0, StartBugReporterOnCrash: 0, Is64bit: 1, IsPro: 0

 COMMAND LINE ARGUMENTS:
C:\Program Files\Unity\Hub\Editor\2020.3.11f1\Editor\Unity.exe
-adb2
-batchMode
-noUpm
-name
AssetImportWorker0
-projectPath
C:/Users/gillian/_Client/NeverGrowUp/Unity/NGUProto
-logFile
Logs/AssetImportWorker0.log
-srvPort
51985
Successfully changed project path to: C:/Users/gillian/_Client/NeverGrowUp/Unity/NGUProto
C:/Users/gillian/_Client/NeverGrowUp/Unity/NGUProto
Using Asset Import Pipeline V2.
Refreshing native plugins compatible for Editor in 186.24 ms, found 7 plugins.
Preloading 1 native plugins for Editor in 1.32 ms.
Initialize engine version: 2020.3.11f1 (99c7afb366b3)
[Subsystems] Discovering subsystems at path C:/Program Files/Unity/Hub/Editor/2020.3.11f1/Editor/Data/Resources/UnitySubsystems
[Subsystems] Discovering subsystems at path C:/Users/gillian/_Client/NeverGrowUp/Unity/NGUProto/Assets
GfxDevice: creating device client; threaded=0
Direct3D:
    Version:  Direct3D 11.0 [level 11.1]
    Renderer: NVIDIA GeForce RTX 2060 (ID=0x1f15)
    Vendor:   
    VRAM:     5980 MB
    Driver:   27.21.14.6089
Shader 'Oculus/OVRMRCameraFrameLit': fallback shader 'Alpha-Diffuse' not found
Initialize mono
Mono path[0] = 'C:/Program Files/Unity/Hub/Editor/2020.3.11f1/Editor/Data/Managed'
Mono path[1] = 'C:/Program Files/Unity/Hub/Editor/2020.3.11f1/Editor/Data/MonoBleedingEdge/lib/mono/unityjit'
Mono config path = 'C:/Program Files/Unity/Hub/Editor/2020.3.11f1/Editor/Data/MonoBleedingEdge/etc'
Using monoOptions --debugger-agent=transport=dt_socket,embedding=1,server=y,suspend=n,address=127.0.0.1:56964
Begin MonoManager ReloadAssembly
Registering precompiled unity dll's ...
Register platform support module: C:/Program Files/Unity/Hub/Editor/2020.3.11f1/Editor/Data/PlaybackEngines/MacStandaloneSupport/UnityEditor.OSXStandalone.Extensions.dll
Register platform support module: C:/Program Files/Unity/Hub/Editor/2020.3.11f1/Editor/Data/PlaybackEngines/WindowsStandaloneSupport/UnityEditor.WindowsStandalone.Extensions.dll
Registered in 0.003366 seconds.
Native extension for WindowsStandalone target not found
Native extension for OSXStandalone target not found
Refreshing native plugins compatible for Editor in 158.11 ms, found 7 plugins.
Preloading 1 native plugins for Editor in 0.14 ms.
Mono: successfully reloaded assembly
- Completed reload, in  3.300 seconds
Platform modules already initialized, skipping
Registering precompiled user dll's ...
Registered in 0.012672 seconds.
Begin MonoManager ReloadAssembly
Native extension for WindowsStandalone target not found
Native extension for OSXStandalone target not found
Refreshing native plugins compatible for Editor in 170.72 ms, found 7 plugins.
Preloading 1 native plugins for Editor in 0.11 ms.
[XR] OculusXRPlugin: registering subsystems
[XR] Unable to register display lifecyle provider: [1]
[XR] Oculus Input lifecycle provider registered.
[XR] Unable to register input lifecyle provider: [1]
[XR] OVRP version 1.61.0
Mono: successfully reloaded assembly
- Completed reload, in  2.245 seconds
Platform modules already initialized, skipping
========================================================================
Worker process is ready to serve import requests
Shader 'Oculus/OVRMRCameraFrameLit': fallback shader 'Alpha-Diffuse' not found
Launched and connected shader compiler UnityShaderCompiler.exe after 0.06 seconds
Refreshing native plugins compatible for Editor in 1.56 ms, found 7 plugins.
Preloading 1 native plugins for Editor in 0.12 ms.
Unloading 3051 Unused Serialized files (Serialized files now loaded: 0)
System memory in use before: 354.6 MB.
System memory in use after: 354.7 MB.

Unloading 65 unused Assets to reduce memory usage. Loaded Objects now: 3508.
Total: 5.440900 ms (FindLiveObjects: 0.720100 ms CreateObjectMapping: 0.342700 ms MarkObjects: 4.118500 ms  DeleteObjects: 0.257500 ms)

========================================================================
Received Import Request.
  path: Assets/Scenes/TestVR_A1_L2.unity
  artifactKey: Guid(6e8f55c23acf0064d8b667739e7fb127) Importer(815301076,1909f56bfc062723c751e8b465ee728b)
Start importing Assets/Scenes/TestVR_A1_L2.unity using Guid(6e8f55c23acf0064d8b667739e7fb127) Importer(815301076,1909f56bfc062723c751e8b465ee728b)  -> (artifact id: '4df54543bc272e8863fecb54e64d41b7') in 0.028490 seconds
  Import took 0.038008 seconds .

========================================================================
Received Import Request.
  Time since last request: 56.197468 seconds.
  path: Assets/SlimeCounter.cs
  artifactKey: Guid(08421529c1017ce499c9ee8b32f8492c) Importer(815301076,1909f56bfc062723c751e8b465ee728b)
Start importing Assets/SlimeCounter.cs using Guid(08421529c1017ce499c9ee8b32f8492c) Importer(815301076,1909f56bfc062723c751e8b465ee728b)  -> (artifact id: '07bc7b443402e4b91333517232b5aa0a') in 0.034732 seconds
  Import took 0.043238 seconds .

========================================================================
Received Prepare
Registering precompiled user dll's ...
Registered in 0.010947 seconds.
Begin MonoManager ReloadAssembly
Native extension for WindowsStandalone target not found
Native extension for OSXStandalone target not found
Refreshing native plugins compatible for Editor in 2.02 ms, found 7 plugins.
Preloading 1 native plugins for Editor in 0.16 ms.
Mono: successfully reloaded assembly
- Completed reload, in  1.784 seconds
Platform modules already initialized, skipping
Shader 'Oculus/OVRMRCameraFrameLit': fallback shader 'Alpha-Diffuse' not found
Refreshing native plugins compatible for Editor in 1.73 ms, found 7 plugins.
Preloading 1 native plugins for Editor in 0.15 ms.
Unloading 2936 Unused Serialized files (Serialized files now loaded: 0)
System memory in use before: 344.5 MB.
System memory in use after: 344.6 MB.

Unloading 58 unused Assets to reduce memory usage. Loaded Objects now: 3512.
Total: 4.008500 ms (FindLiveObjects: 0.418300 ms CreateObjectMapping: 0.258000 ms MarkObjects: 3.160000 ms  DeleteObjects: 0.170400 ms)

========================================================================
Received Prepare
Registering precompiled user dll's ...
Registered in 0.011849 seconds.
Begin MonoManager ReloadAssembly
Native extension for WindowsStandalone target not found
Native extension for OSXStandalone target not found
Refreshing native plugins compatible for Editor in 1.45 ms, found 7 plugins.
Preloading 1 native plugins for Editor in 0.10 ms.
Mono: successfully reloaded assembly
- Completed reload, in  1.688 seconds
Platform modules already initialized, skipping
Shader 'Oculus/OVRMRCameraFrameLit': fallback shader 'Alpha-Diffuse' not found
Refreshing native plugins compatible for Editor in 1.80 ms, found 7 plugins.
Preloading 1 native plugins for Editor in 0.12 ms.
Unloading 2936 Unused Serialized files (Serialized files now loaded: 0)
System memory in use before: 344.6 MB.
System memory in use after: 344.7 MB.

Unloading 58 unused Assets to reduce memory usage. Loaded Objects now: 3516.
Total: 5.645100 ms (FindLiveObjects: 0.603000 ms CreateObjectMapping: 0.301000 ms MarkObjects: 4.563700 ms  DeleteObjects: 0.174600 ms)

========================================================================
Received Prepare
Registering precompiled user dll's ...
Registered in 0.015692 seconds.
Begin MonoManager ReloadAssembly
Native extension for WindowsStandalone target not found
Native extension for OSXStandalone target not found
Refreshing native plugins compatible for Editor in 1.50 ms, found 7 plugins.
Preloading 1 native plugins for Editor in 0.13 ms.
Mono: successfully reloaded assembly
- Completed reload, in  1.719 seconds
Platform modules already initialized, skipping
Shader 'Oculus/OVRMRCameraFrameLit': fallback shader 'Alpha-Diffuse' not found
Refreshing native plugins compatible for Editor in 1.61 ms, found 7 plugins.
Preloading 1 native plugins for Editor in 0.11 ms.
Unloading 2936 Unused Serialized files (Serialized files now loaded: 0)
System memory in use before: 344.6 MB.
System memory in use after: 344.7 MB.

Unloading 58 unused Assets to reduce memory usage. Loaded Objects now: 3520.
Total: 3.803300 ms (FindLiveObjects: 0.385700 ms CreateObjectMapping: 0.212900 ms MarkObjects: 3.033900 ms  DeleteObjects: 0.169200 ms)

========================================================================
Received Prepare
Registering precompiled user dll's ...
Registered in 0.013066 seconds.
Begin MonoManager ReloadAssembly
Native extension for WindowsStandalone target not found
Native extension for OSXStandalone target not found
Refreshing native plugins compatible for Editor in 1.53 ms, found 7 plugins.
Preloading 1 native plugins for Editor in 0.12 ms.
Mono: successfully reloaded assembly
- Completed reload, in  1.697 seconds
Platform modules already initialized, skipping
Shader 'Oculus/OVRMRCameraFrameLit': fallback shader 'Alpha-Diffuse' not found
Refreshing native plugins compatible for Editor in 1.61 ms, found 7 plugins.
Preloading 1 native plugins for Editor in 0.13 ms.
Unloading 2936 Unused Serialized files (Serialized files now loaded: 0)
System memory in use before: 344.6 MB.
System memory in use after: 344.8 MB.

Unloading 58 unused Assets to reduce memory usage. Loaded Objects now: 3524.
Total: 4.046400 ms (FindLiveObjects: 0.409900 ms CreateObjectMapping: 0.276300 ms MarkObjects: 3.190500 ms  DeleteObjects: 0.168100 ms)

========================================================================
Received Prepare
Registering precompiled user dll's ...
Registered in 0.010744 seconds.
Begin MonoManager ReloadAssembly
Native extension for WindowsStandalone target not found
Native extension for OSXStandalone target not found
Refreshing native plugins compatible for Editor in 1.64 ms, found 7 plugins.
Preloading 1 native plugins for Editor in 0.16 ms.
Mono: successfully reloaded assembly
- Completed reload, in  1.739 seconds
Platform modules already initialized, skipping
Shader 'Oculus/OVRMRCameraFrameLit': fallback shader 'Alpha-Diffuse' not found
Refreshing native plugins compatible for Editor in 1.48 ms, found 7 plugins.
Preloading 1 native plugins for Editor in 0.09 ms.
Unloading 2936 Unused Serialized files (Serialized files now loaded: 0)
System memory in use before: 344.6 MB.
System memory in use after: 344.8 MB.

Unloading 58 unused Assets to reduce memory usage. Loaded Objects now: 3528.
Total: 3.558200 ms (FindLiveObjects: 0.402500 ms CreateObjectMapping: 0.233800 ms MarkObjects: 2.752900 ms  DeleteObjects: 0.167200 ms)

========================================================================
Received Prepare
Registering precompiled user dll's ...
Registered in 0.013772 seconds.
Begin MonoManager ReloadAssembly
Native extension for WindowsStandalone target not found
Native extension for OSXStandalone target not found
Refreshing native plugins compatible for Editor in 1.59 ms, found 7 plugins.
Preloading 1 native plugins for Editor in 0.12 ms.
Mono: successfully reloaded assembly
- Completed reload, in  1.718 seconds
Platform modules already initialized, skipping
Shader 'Oculus/OVRMRCameraFrameLit': fallback shader 'Alpha-Diffuse' not found
Refreshing native plugins compatible for Editor in 1.58 ms, found 7 plugins.
Preloading 1 native plugins for Editor in 0.12 ms.
Unloading 2936 Unused Serialized files (Serialized files now loaded: 0)
System memory in use before: 344.7 MB.
System memory in use after: 344.8 MB.

Unloading 58 unused Assets to reduce memory usage. Loaded Objects now: 3532.
Total: 4.123700 ms (FindLiveObjects: 0.436800 ms CreateObjectMapping: 0.303400 ms MarkObjects: 3.204600 ms  DeleteObjects: 0.176800 ms)

========================================================================
Received Prepare
Registering precompiled user dll's ...
Registered in 0.013347 seconds.
Begin MonoManager ReloadAssembly
Native extension for WindowsStandalone target not found
Native extension for OSXStandalone target not found
Refreshing native plugins compatible for Editor in 2.49 ms, found 7 plugins.
Preloading 1 native plugins for Editor in 0.14 ms.
Mono: successfully reloaded assembly
- Completed reload, in  1.773 seconds
Platform modules already initialized, skipping
Shader 'Oculus/OVRMRCameraFrameLit': fallback shader 'Alpha-Diffuse' not found
Refreshing native plugins compatible for Editor in 1.79 ms, found 7 plugins.
Preloading 1 native plugins for Editor in 0.14 ms.
Unloading 2936 Unused Serialized files (Serialized files now loaded: 0)
System memory in use before: 344.7 MB.
System memory in use after: 344.8 MB.

Unloading 58 unused Assets to reduce memory usage. Loaded Objects now: 3536.
Total: 4.466500 ms (FindLiveObjects: 0.404300 ms CreateObjectMapping: 0.223000 ms MarkObjects: 3.651900 ms  DeleteObjects: 0.185500 ms)

========================================================================
Received Prepare
Registering precompiled user dll's ...
Registered in 0.011159 seconds.
Begin MonoManager ReloadAssembly
Native extension for WindowsStandalone target not found
Native extension for OSXStandalone target not found
Refreshing native plugins compatible for Editor in 1.46 ms, found 7 plugins.
Preloading 1 native plugins for Editor in 0.11 ms.
Mono: successfully reloaded assembly
- Completed reload, in  1.689 seconds
Platform modules already initialized, skipping
Shader 'Oculus/OVRMRCameraFrameLit': fallback shader 'Alpha-Diffuse' not found
Refreshing native plugins compatible for Editor in 1.56 ms, found 7 plugins.
Preloading 1 native plugins for Editor in 0.13 ms.
Unloading 2936 Unused Serialized files (Serialized files now loaded: 0)
System memory in use before: 344.7 MB.
System memory in use after: 344.8 MB.

Unloading 58 unused Assets to reduce memory usage. Loaded Objects now: 3540.
Total: 4.326800 ms (FindLiveObjects: 0.396900 ms CreateObjectMapping: 0.227900 ms MarkObjects: 3.497700 ms  DeleteObjects: 0.202400 ms)

========================================================================
Received Prepare
Registering precompiled user dll's ...
Registered in 0.012403 seconds.
Begin MonoManager ReloadAssembly
Native extension for WindowsStandalone target not found
Native extension for OSXStandalone target not found
Refreshing native plugins compatible for Editor in 1.76 ms, found 7 plugins.
Preloading 1 native plugins for Editor in 0.13 ms.
Mono: successfully reloaded assembly
- Completed reload, in  1.701 seconds
Platform modules already initialized, skipping
Shader 'Oculus/OVRMRCameraFrameLit': fallback shader 'Alpha-Diffuse' not found
Refreshing native plugins compatible for Editor in 1.46 ms, found 7 plugins.
Preloading 1 native plugins for Editor in 0.09 ms.
Unloading 2936 Unused Serialized files (Serialized files now loaded: 0)
System memory in use before: 344.6 MB.
System memory in use after: 344.7 MB.

Unloading 58 unused Assets to reduce memory usage. Loaded Objects now: 3544.
Total: 3.369800 ms (FindLiveObjects: 0.355800 ms CreateObjectMapping: 0.207800 ms MarkObjects: 2.644300 ms  DeleteObjects: 0.160300 ms)

========================================================================
Received Import Request.
  Time since last request: 2992.050703 seconds.
  path: ProjectSettings/TagManager.asset
  artifactKey: Guid(00000000000000003000000000000000) Importer(815301076,1909f56bfc062723c751e8b465ee728b)
Start importing ProjectSettings/TagManager.asset using Guid(00000000000000003000000000000000) Importer(815301076,1909f56bfc062723c751e8b465ee728b)  -> (artifact id: '996f3dd0301863b46e93d79cd2bed228') in 0.088201 seconds
  Import took 0.096520 seconds .

========================================================================
Received Prepare
Registering precompiled user dll's ...
Registered in 0.014730 seconds.
Begin MonoManager ReloadAssembly
Native extension for WindowsStandalone target not found
Native extension for OSXStandalone target not found
Refreshing native plugins compatible for Editor in 1.72 ms, found 7 plugins.
Preloading 1 native plugins for Editor in 0.17 ms.
Mono: successfully reloaded assembly
- Completed reload, in  1.916 seconds
Platform modules already initialized, skipping
Shader 'Oculus/OVRMRCameraFrameLit': fallback shader 'Alpha-Diffuse' not found
Refreshing native plugins compatible for Editor in 1.94 ms, found 7 plugins.
Preloading 1 native plugins for Editor in 0.12 ms.
Unloading 2936 Unused Serialized files (Serialized files now loaded: 0)
System memory in use before: 344.6 MB.
System memory in use after: 344.8 MB.

Unloading 59 unused Assets to reduce memory usage. Loaded Objects now: 3548.
Total: 4.537400 ms (FindLiveObjects: 0.455900 ms CreateObjectMapping: 0.348000 ms MarkObjects: 3.509100 ms  DeleteObjects: 0.222100 ms)

========================================================================
Received Prepare
Registering precompiled user dll's ...
Registered in 0.011001 seconds.
Begin MonoManager ReloadAssembly
Native extension for WindowsStandalone target not found
Native extension for OSXStandalone target not found
Refreshing native plugins compatible for Editor in 1.50 ms, found 7 plugins.
Preloading 1 native plugins for Editor in 0.13 ms.
Mono: successfully reloaded assembly
- Completed reload, in  1.737 seconds
Platform modules already initialized, skipping
Shader 'Oculus/OVRMRCameraFrameLit': fallback shader 'Alpha-Diffuse' not found
Refreshing native plugins compatible for Editor in 1.71 ms, found 7 plugins.
Preloading 1 native plugins for Editor in 0.12 ms.
Unloading 2936 Unused Serialized files (Serialized files now loaded: 0)
System memory in use before: 344.6 MB.
System memory in use after: 344.8 MB.

Unloading 58 unused Assets to reduce memory usage. Loaded Objects now: 3552.
Total: 4.752000 ms (FindLiveObjects: 0.567500 ms CreateObjectMapping: 0.245500 ms MarkObjects: 3.715700 ms  DeleteObjects: 0.219700 ms)

========================================================================
Received Prepare
Registering precompiled user dll's ...
Registered in 0.012405 seconds.
Begin MonoManager ReloadAssembly
Native extension for WindowsStandalone target not found
Native extension for OSXStandalone target not found
Refreshing native plugins compatible for Editor in 2.00 ms, found 7 plugins.
Preloading 1 native plugins for Editor in 0.27 ms.
Mono: successfully reloaded assembly
- Completed reload, in  1.818 seconds
Platform modules already initialized, skipping
Shader 'Oculus/OVRMRCameraFrameLit': fallback shader 'Alpha-Diffuse' not found
Refreshing native plugins compatible for Editor in 1.76 ms, found 7 plugins.
Preloading 1 native plugins for Editor in 0.20 ms.
Unloading 2936 Unused Serialized files (Serialized files now loaded: 0)
System memory in use before: 344.7 MB.
System memory in use after: 344.8 MB.

Unloading 58 unused Assets to reduce memory usage. Loaded Objects now: 3556.
Total: 4.091900 ms (FindLiveObjects: 0.449900 ms CreateObjectMapping: 0.223600 ms MarkObjects: 3.245800 ms  DeleteObjects: 0.170800 ms)

========================================================================
Received Prepare
Registering precompiled user dll's ...
Registered in 0.687706 seconds.
Begin MonoManager ReloadAssembly
Native extension for WindowsStandalone target not found
Native extension for OSXStandalone target not found
Refreshing native plugins compatible for Editor in 1.61 ms, found 7 plugins.
Preloading 1 native plugins for Editor in 0.13 ms.
Mono: successfully reloaded assembly
- Completed reload, in  1.858 seconds
Platform modules already initialized, skipping
Shader 'Oculus/OVRMRCameraFrameLit': fallback shader 'Alpha-Diffuse' not found
Refreshing native plugins compatible for Editor in 1.60 ms, found 7 plugins.
Preloading 1 native plugins for Editor in 0.10 ms.
Unloading 2936 Unused Serialized files (Serialized files now loaded: 0)
System memory in use before: 344.7 MB.
System memory in use after: 344.8 MB.

Unloading 58 unused Assets to reduce memory usage. Loaded Objects now: 3560.
Total: 3.619500 ms (FindLiveObjects: 0.381200 ms CreateObjectMapping: 0.219500 ms MarkObjects: 2.837300 ms  DeleteObjects: 0.179900 ms)

========================================================================
Received Import Request.
  Time since last request: 43227.743535 seconds.
  path: Assets/Editor
  artifactKey: Guid(cb34e3fe97d7aa84c9d763b95a5b7d2e) Importer(815301076,1909f56bfc062723c751e8b465ee728b)
Start importing Assets/Editor using Guid(cb34e3fe97d7aa84c9d763b95a5b7d2e) Importer(815301076,1909f56bfc062723c751e8b465ee728b)  -> (artifact id: '17915a695635a352fbbf24631e373cf6') in 0.013622 seconds
  Import took 0.021632 seconds .

========================================================================
Received Prepare
Registering precompiled user dll's ...
Registered in 0.018626 seconds.
Begin MonoManager ReloadAssembly
Native extension for WindowsStandalone target not found
Native extension for OSXStandalone target not found
Refreshing native plugins compatible for Editor in 1.63 ms, found 7 plugins.
Preloading 1 native plugins for Editor in 0.15 ms.
Mono: successfully reloaded assembly
- Completed reload, in  2.026 seconds
Platform modules already initialized, skipping
Shader 'Oculus/OVRMRCameraFrameLit': fallback shader 'Alpha-Diffuse' not found
Refreshing native plugins compatible for Editor in 2.40 ms, found 7 plugins.
Preloading 1 native plugins for Editor in 0.14 ms.
Unloading 2937 Unused Serialized files (Serialized files now loaded: 0)
System memory in use before: 344.7 MB.
System memory in use after: 344.9 MB.

Unloading 58 unused Assets to reduce memory usage. Loaded Objects now: 3565.
Total: 5.078400 ms (FindLiveObjects: 0.449500 ms CreateObjectMapping: 0.323800 ms MarkObjects: 4.128100 ms  DeleteObjects: 0.174700 ms)

========================================================================
Received Prepare
Registering precompiled user dll's ...
Registered in 0.016951 seconds.
Begin MonoManager ReloadAssembly
Native extension for WindowsStandalone target not found
Native extension for OSXStandalone target not found
Refreshing native plugins compatible for Editor in 2.63 ms, found 7 plugins.
Preloading 1 native plugins for Editor in 0.15 ms.
Mono: successfully reloaded assembly
- Completed reload, in  1.706 seconds
Platform modules already initialized, skipping
Shader 'Oculus/OVRMRCameraFrameLit': fallback shader 'Alpha-Diffuse' not found
Refreshing native plugins compatible for Editor in 1.58 ms, found 7 plugins.
Preloading 1 native plugins for Editor in 0.12 ms.
Unloading 2938 Unused Serialized files (Serialized files now loaded: 0)
System memory in use before: 344.7 MB.
System memory in use after: 344.9 MB.

Unloading 58 unused Assets to reduce memory usage. Loaded Objects now: 3570.
Total: 3.610800 ms (FindLiveObjects: 0.406800 ms CreateObjectMapping: 0.234300 ms MarkObjects: 2.799000 ms  DeleteObjects: 0.169100 ms)

========================================================================
Received Import Request.
  Time since last request: 83.872437 seconds.
  path: Assets/Editor/EditorCollapseAll.cs
  artifactKey: Guid(04df64dce7a9db04cba637a11996067c) Importer(815301076,1909f56bfc062723c751e8b465ee728b)
Start importing Assets/Editor/EditorCollapseAll.cs using Guid(04df64dce7a9db04cba637a11996067c) Importer(815301076,1909f56bfc062723c751e8b465ee728b)  -> (artifact id: 'e77bf63219ccc3936a6e8fb6b81a6706') in 0.013688 seconds
  Import took 0.021060 seconds .

========================================================================
Received Import Request.
  Time since last request: 0.034024 seconds.
  path: Assets/Editor/EditorCollapseAll.cs
  artifactKey: Guid(04df64dce7a9db04cba637a11996067c) Importer(815301076,1909f56bfc062723c751e8b465ee728b)
Start importing Assets/Editor/EditorCollapseAll.cs using Guid(04df64dce7a9db04cba637a11996067c) Importer(815301076,1909f56bfc062723c751e8b465ee728b)  -> (artifact id: 'e77bf63219ccc3936a6e8fb6b81a6706') in 0.002821 seconds
  Import took 0.010072 seconds .

========================================================================
Received Prepare
Registering precompiled user dll's ...
Registered in 0.013202 seconds.
Begin MonoManager ReloadAssembly
Native extension for WindowsStandalone target not found
Native extension for OSXStandalone target not found
Refreshing native plugins compatible for Editor in 1.75 ms, found 7 plugins.
Preloading 1 native plugins for Editor in 0.14 ms.
Mono: successfully reloaded assembly
- Completed reload, in  1.738 seconds
Platform modules already initialized, skipping
Shader 'Oculus/OVRMRCameraFrameLit': fallback shader 'Alpha-Diffuse' not found
Refreshing native plugins compatible for Editor in 1.60 ms, found 7 plugins.
Preloading 1 native plugins for Editor in 0.11 ms.
Unloading 2937 Unused Serialized files (Serialized files now loaded: 0)
System memory in use before: 344.7 MB.
System memory in use after: 344.9 MB.

Unloading 58 unused Assets to reduce memory usage. Loaded Objects now: 3574.
Total: 3.366600 ms (FindLiveObjects: 0.386900 ms CreateObjectMapping: 0.210400 ms MarkObjects: 2.616100 ms  DeleteObjects: 0.151600 ms)

========================================================================
Received Import Request.
  Time since last request: 63.878595 seconds.
  path: Assets/Editor/SceneViewBookmarker.cs
  artifactKey: Guid(31bc26d419a63e6408e6f4f99a9c04c8) Importer(815301076,1909f56bfc062723c751e8b465ee728b)
Start importing Assets/Editor/SceneViewBookmarker.cs using Guid(31bc26d419a63e6408e6f4f99a9c04c8) Importer(815301076,1909f56bfc062723c751e8b465ee728b)  -> (artifact id: 'ed46b4626dfc0cd644545a1578a01095') in 0.012253 seconds
  Import took 0.019286 seconds .

========================================================================
Received Prepare
Registering precompiled user dll's ...
Registered in 0.012670 seconds.
Begin MonoManager ReloadAssembly
Native extension for WindowsStandalone target not found
Native extension for OSXStandalone target not found
Refreshing native plugins compatible for Editor in 1.72 ms, found 7 plugins.
Preloading 1 native plugins for Editor in 0.12 ms.
Mono: successfully reloaded assembly
- Completed reload, in  1.921 seconds
Platform modules already initialized, skipping
Shader 'Oculus/OVRMRCameraFrameLit': fallback shader 'Alpha-Diffuse' not found
Refreshing native plugins compatible for Editor in 1.62 ms, found 7 plugins.
Preloading 1 native plugins for Editor in 0.12 ms.
Unloading 2937 Unused Serialized files (Serialized files now loaded: 0)
System memory in use before: 344.7 MB.
System memory in use after: 344.9 MB.

Unloading 58 unused Assets to reduce memory usage. Loaded Objects now: 3578.
Total: 4.477500 ms (FindLiveObjects: 0.443600 ms CreateObjectMapping: 0.277600 ms MarkObjects: 3.575700 ms  DeleteObjects: 0.178100 ms)

========================================================================
Received Import Request.
  Time since last request: 1663.891820 seconds.
  path: Assets/TextMesh Pro/Examples & Extras/Resources/Fonts & Materials/Anton SDF - Drop Shadow.mat
  artifactKey: Guid(749b9069dc4742c5bfa5c74644049926) Importer(815301076,1909f56bfc062723c751e8b465ee728b)
Start importing Assets/TextMesh Pro/Examples & Extras/Resources/Fonts & Materials/Anton SDF - Drop Shadow.mat using Guid(749b9069dc4742c5bfa5c74644049926) Importer(815301076,1909f56bfc062723c751e8b465ee728b)  -> (artifact id: '9b9a6dbab25d6543dfee2789e8fae952') in 0.678711 seconds
  Import took 0.689835 seconds .

========================================================================
Received Import Request.
  Time since last request: 0.000331 seconds.
  path: Assets/TextMesh Pro/Examples & Extras/Resources/Fonts & Materials/Anton SDF.asset
  artifactKey: Guid(8a89fa14b10d46a99122fd4f73fca9a2) Importer(815301076,1909f56bfc062723c751e8b465ee728b)
Start importing Assets/TextMesh Pro/Examples & Extras/Resources/Fonts & Materials/Anton SDF.asset using Guid(8a89fa14b10d46a99122fd4f73fca9a2) Importer(815301076,1909f56bfc062723c751e8b465ee728b)  -> (artifact id: '89f74535dbbe80d820aad8820167369b') in 0.064881 seconds
  Import took 0.073182 seconds .

========================================================================
Received Import Request.
  Time since last request: 0.000340 seconds.
  path: Assets/TextMesh Pro/Examples & Extras/Resources/Fonts & Materials/Anton SDF - Sunny Days.mat
  artifactKey: Guid(6522f30e342599e4e9dd4cc2cc03c830) Importer(815301076,1909f56bfc062723c751e8b465ee728b)
Start importing Assets/TextMesh Pro/Examples & Extras/Resources/Fonts & Materials/Anton SDF - Sunny Days.mat using Guid(6522f30e342599e4e9dd4cc2cc03c830) Importer(815301076,1909f56bfc062723c751e8b465ee728b)  -> (artifact id: '3ab2dc3a4077b37fe1bf25fc2e34219a') in 0.181839 seconds
  Import took 0.190469 seconds .

========================================================================
Received Import Request.
  Time since last request: 0.000352 seconds.
  path: Assets/TextMesh Pro/Examples & Extras/Resources/Fonts & Materials/Anton SDF - Outline.mat
  artifactKey: Guid(a00013af81304728b2be1f4309ee2433) Importer(815301076,1909f56bfc062723c751e8b465ee728b)
Start importing Assets/TextMesh Pro/Examples & Extras/Resources/Fonts & Materials/Anton SDF - Outline.mat using Guid(a00013af81304728b2be1f4309ee2433) Importer(815301076,1909f56bfc062723c751e8b465ee728b)  -> (artifact id: '2507f20aeeae8d98f86e4c2025440d37') in 0.092140 seconds
  Import took 0.100127 seconds .

========================================================================
Received Prepare
Registering precompiled user dll's ...
Registered in 0.013038 seconds.
Begin MonoManager ReloadAssembly
Native extension for WindowsStandalone target not found
Native extension for OSXStandalone target not found
Refreshing native plugins compatible for Editor in 1.55 ms, found 7 plugins.
Preloading 1 native plugins for Editor in 0.13 ms.
Mono: successfully reloaded assembly
- Completed reload, in  1.767 seconds
Platform modules already initialized, skipping
Shader 'Oculus/OVRMRCameraFrameLit': fallback shader 'Alpha-Diffuse' not found
Refreshing native plugins compatible for Editor in 1.55 ms, found 7 plugins.
Preloading 1 native plugins for Editor in 0.12 ms.
Unloading 2937 Unused Serialized files (Serialized files now loaded: 0)
System memory in use before: 348.0 MB.
System memory in use after: 348.1 MB.

Unloading 58 unused Assets to reduce memory usage. Loaded Objects now: 3625.
Total: 4.238300 ms (FindLiveObjects: 0.450600 ms CreateObjectMapping: 0.241000 ms MarkObjects: 3.382800 ms  DeleteObjects: 0.161900 ms)

========================================================================
Received Import Request.
  Time since last request: 613.609395 seconds.
  path: Assets/Models/InvertedCube.fbx
  artifactKey: Guid(d44b91d0d22fdc14f9bb18da6f79fa57) Importer(815301076,1909f56bfc062723c751e8b465ee728b)
Start importing Assets/Models/InvertedCube.fbx using Guid(d44b91d0d22fdc14f9bb18da6f79fa57) Importer(815301076,1909f56bfc062723c751e8b465ee728b)  -> (artifact id: 'f495f561710385baec081948c2525d66') in 0.205662 seconds
  Import took 0.214325 seconds .

========================================================================
Received Prepare
Registering precompiled user dll's ...
Registered in 0.011897 seconds.
Begin MonoManager ReloadAssembly
Native extension for WindowsStandalone target not found
Native extension for OSXStandalone target not found
Refreshing native plugins compatible for Editor in 1.49 ms, found 7 plugins.
Preloading 1 native plugins for Editor in 0.11 ms.
Mono: successfully reloaded assembly
- Completed reload, in  1.612 seconds
Platform modules already initialized, skipping
Shader 'Oculus/OVRMRCameraFrameLit': fallback shader 'Alpha-Diffuse' not found
Refreshing native plugins compatible for Editor in 1.48 ms, found 7 plugins.
Preloading 1 native plugins for Editor in 0.10 ms.
Unloading 2937 Unused Serialized files (Serialized files now loaded: 0)
System memory in use before: 348.2 MB.
System memory in use after: 348.3 MB.

Unloading 58 unused Assets to reduce memory usage. Loaded Objects now: 3633.
Total: 3.652900 ms (FindLiveObjects: 0.418300 ms CreateObjectMapping: 0.231000 ms MarkObjects: 2.842700 ms  DeleteObjects: 0.159300 ms)

========================================================================
Received Prepare
Registering precompiled user dll's ...
Registered in 0.010751 seconds.
Begin MonoManager ReloadAssembly
Native extension for WindowsStandalone target not found
Native extension for OSXStandalone target not found
Refreshing native plugins compatible for Editor in 2.00 ms, found 7 plugins.
Preloading 1 native plugins for Editor in 0.20 ms.
Mono: successfully reloaded assembly
- Completed reload, in  1.797 seconds
Platform modules already initialized, skipping
Shader 'Oculus/OVRMRCameraFrameLit': fallback shader 'Alpha-Diffuse' not found
Refreshing native plugins compatible for Editor in 1.61 ms, found 7 plugins.
Preloading 1 native plugins for Editor in 0.12 ms.
Unloading 2937 Unused Serialized files (Serialized files now loaded: 0)
System memory in use before: 348.2 MB.
System memory in use after: 348.3 MB.

Unloading 58 unused Assets to reduce memory usage. Loaded Objects now: 3637.
Total: 4.769300 ms (FindLiveObjects: 0.438200 ms CreateObjectMapping: 0.282700 ms MarkObjects: 3.764400 ms  DeleteObjects: 0.282100 ms)

========================================================================
Received Prepare
Registering precompiled user dll's ...
Registered in 0.011052 seconds.
Begin MonoManager ReloadAssembly
Native extension for WindowsStandalone target not found
Native extension for OSXStandalone target not found
Refreshing native plugins compatible for Editor in 1.54 ms, found 7 plugins.
Preloading 1 native plugins for Editor in 0.16 ms.
Mono: successfully reloaded assembly
- Completed reload, in  1.721 seconds
Platform modules already initialized, skipping
Shader 'Oculus/OVRMRCameraFrameLit': fallback shader 'Alpha-Diffuse' not found
Refreshing native plugins compatible for Editor in 1.54 ms, found 7 plugins.
Preloading 1 native plugins for Editor in 0.11 ms.
Unloading 2937 Unused Serialized files (Serialized files now loaded: 0)
System memory in use before: 348.1 MB.
System memory in use after: 348.3 MB.

Unloading 58 unused Assets to reduce memory usage. Loaded Objects now: 3641.
Total: 4.002400 ms (FindLiveObjects: 0.437100 ms CreateObjectMapping: 0.228000 ms MarkObjects: 3.160800 ms  DeleteObjects: 0.174500 ms)

========================================================================
Received Prepare
Registering precompiled user dll's ...
Registered in 0.012414 seconds.
Begin MonoManager ReloadAssembly
Native extension for WindowsStandalone target not found
Native extension for OSXStandalone target not found
Refreshing native plugins compatible for Editor in 1.68 ms, found 7 plugins.
Preloading 1 native plugins for Editor in 0.17 ms.
Mono: successfully reloaded assembly
- Completed reload, in  1.983 seconds
Platform modules already initialized, skipping
Shader 'Oculus/OVRMRCameraFrameLit': fallback shader 'Alpha-Diffuse' not found
Refreshing native plugins compatible for Editor in 1.60 ms, found 7 plugins.
Preloading 1 native plugins for Editor in 0.14 ms.
Unloading 2937 Unused Serialized files (Serialized files now loaded: 0)
System memory in use before: 348.1 MB.
System memory in use after: 348.3 MB.

Unloading 58 unused Assets to reduce memory usage. Loaded Objects now: 3645.
Total: 4.426500 ms (FindLiveObjects: 0.512400 ms CreateObjectMapping: 0.312900 ms MarkObjects: 3.371600 ms  DeleteObjects: 0.227400 ms)

========================================================================
Received Prepare
Registering precompiled user dll's ...
Registered in 0.012230 seconds.
Begin MonoManager ReloadAssembly
Native extension for WindowsStandalone target not found
Native extension for OSXStandalone target not found
Refreshing native plugins compatible for Editor in 1.73 ms, found 7 plugins.
Preloading 1 native plugins for Editor in 0.14 ms.
Mono: successfully reloaded assembly
- Completed reload, in  1.822 seconds
Platform modules already initialized, skipping
Shader 'Oculus/OVRMRCameraFrameLit': fallback shader 'Alpha-Diffuse' not found
Refreshing native plugins compatible for Editor in 1.53 ms, found 7 plugins.
Preloading 1 native plugins for Editor in 0.11 ms.
Unloading 2937 Unused Serialized files (Serialized files now loaded: 0)
System memory in use before: 348.2 MB.
System memory in use after: 348.3 MB.

Unloading 58 unused Assets to reduce memory usage. Loaded Objects now: 3649.
Total: 4.000200 ms (FindLiveObjects: 0.529100 ms CreateObjectMapping: 0.296300 ms MarkObjects: 3.007300 ms  DeleteObjects: 0.165900 ms)

========================================================================
Received Prepare
Registering precompiled user dll's ...
Registered in 0.011210 seconds.
Begin MonoManager ReloadAssembly
Native extension for WindowsStandalone target not found
Native extension for OSXStandalone target not found
Refreshing native plugins compatible for Editor in 1.50 ms, found 7 plugins.
Preloading 1 native plugins for Editor in 0.16 ms.
Mono: successfully reloaded assembly
- Completed reload, in  1.753 seconds
Platform modules already initialized, skipping
Shader 'Oculus/OVRMRCameraFrameLit': fallback shader 'Alpha-Diffuse' not found
Refreshing native plugins compatible for Editor in 1.60 ms, found 7 plugins.
Preloading 1 native plugins for Editor in 0.13 ms.
Unloading 2937 Unused Serialized files (Serialized files now loaded: 0)
System memory in use before: 348.2 MB.
System memory in use after: 348.3 MB.

Unloading 58 unused Assets to reduce memory usage. Loaded Objects now: 3653.
Total: 4.242900 ms (FindLiveObjects: 0.449600 ms CreateObjectMapping: 0.230700 ms MarkObjects: 3.360100 ms  DeleteObjects: 0.200600 ms)

========================================================================
Received Prepare
Registering precompiled user dll's ...
Registered in 0.011555 seconds.
Begin MonoManager ReloadAssembly
Native extension for WindowsStandalone target not found
Native extension for OSXStandalone target not found
Refreshing native plugins compatible for Editor in 2.00 ms, found 7 plugins.
Preloading 1 native plugins for Editor in 0.14 ms.
Mono: successfully reloaded assembly
- Completed reload, in  1.765 seconds
Platform modules already initialized, skipping
Shader 'Oculus/OVRMRCameraFrameLit': fallback shader 'Alpha-Diffuse' not found
Refreshing native plugins compatible for Editor in 2.49 ms, found 7 plugins.
Preloading 1 native plugins for Editor in 0.19 ms.
Unloading 2937 Unused Serialized files (Serialized files now loaded: 0)
System memory in use before: 348.2 MB.
System memory in use after: 348.3 MB.

Unloading 58 unused Assets to reduce memory usage. Loaded Objects now: 3657.
Total: 4.912100 ms (FindLiveObjects: 0.698100 ms CreateObjectMapping: 0.383300 ms MarkObjects: 3.647400 ms  DeleteObjects: 0.181900 ms)

========================================================================
Received Prepare
Registering precompiled user dll's ...
Registered in 0.011098 seconds.
Begin MonoManager ReloadAssembly
Native extension for WindowsStandalone target not found
Native extension for OSXStandalone target not found
Refreshing native plugins compatible for Editor in 1.63 ms, found 7 plugins.
Preloading 1 native plugins for Editor in 0.18 ms.
Mono: successfully reloaded assembly
- Completed reload, in  1.711 seconds
Platform modules already initialized, skipping
Shader 'Oculus/OVRMRCameraFrameLit': fallback shader 'Alpha-Diffuse' not found
Refreshing native plugins compatible for Editor in 1.62 ms, found 7 plugins.
Preloading 1 native plugins for Editor in 0.13 ms.
Unloading 2937 Unused Serialized files (Serialized files now loaded: 0)
System memory in use before: 348.2 MB.
System memory in use after: 348.3 MB.

Unloading 58 unused Assets to reduce memory usage. Loaded Objects now: 3661.
Total: 4.225200 ms (FindLiveObjects: 0.520900 ms CreateObjectMapping: 0.295600 ms MarkObjects: 3.185800 ms  DeleteObjects: 0.221000 ms)

========================================================================
Received Prepare
Registering precompiled user dll's ...
Registered in 0.010872 seconds.
Begin MonoManager ReloadAssembly
Native extension for WindowsStandalone target not found
Native extension for OSXStandalone target not found
Refreshing native plugins compatible for Editor in 1.79 ms, found 7 plugins.
Preloading 1 native plugins for Editor in 0.14 ms.
Mono: successfully reloaded assembly
- Completed reload, in  1.776 seconds
Platform modules already initialized, skipping
Shader 'Oculus/OVRMRCameraFrameLit': fallback shader 'Alpha-Diffuse' not found
Refreshing native plugins compatible for Editor in 1.96 ms, found 7 plugins.
Preloading 1 native plugins for Editor in 0.17 ms.
Unloading 2937 Unused Serialized files (Serialized files now loaded: 0)
System memory in use before: 348.2 MB.
System memory in use after: 348.4 MB.

Unloading 58 unused Assets to reduce memory usage. Loaded Objects now: 3665.
Total: 4.557500 ms (FindLiveObjects: 0.430500 ms CreateObjectMapping: 0.248200 ms MarkObjects: 3.671800 ms  DeleteObjects: 0.205000 ms)

========================================================================
Received Prepare
Registering precompiled user dll's ...
Registered in 0.011430 seconds.
Begin MonoManager ReloadAssembly
Native extension for WindowsStandalone target not found
Native extension for OSXStandalone target not found
Refreshing native plugins compatible for Editor in 1.47 ms, found 7 plugins.
Preloading 1 native plugins for Editor in 0.11 ms.
Mono: successfully reloaded assembly
- Completed reload, in  1.728 seconds
Platform modules already initialized, skipping
Shader 'Oculus/OVRMRCameraFrameLit': fallback shader 'Alpha-Diffuse' not found
Refreshing native plugins compatible for Editor in 1.46 ms, found 7 plugins.
Preloading 1 native plugins for Editor in 0.10 ms.
Unloading 2937 Unused Serialized files (Serialized files now loaded: 0)
System memory in use before: 348.2 MB.
System memory in use after: 348.4 MB.

Unloading 58 unused Assets to reduce memory usage. Loaded Objects now: 3669.
Total: 3.738900 ms (FindLiveObjects: 0.408600 ms CreateObjectMapping: 0.243100 ms MarkObjects: 2.921500 ms  DeleteObjects: 0.164300 ms)

========================================================================
Received Prepare
Registering precompiled user dll's ...
Registered in 0.010982 seconds.
Begin MonoManager ReloadAssembly
Native extension for WindowsStandalone target not found
Native extension for OSXStandalone target not found
Refreshing native plugins compatible for Editor in 1.76 ms, found 7 plugins.
Preloading 1 native plugins for Editor in 0.16 ms.
Mono: successfully reloaded assembly
- Completed reload, in  1.892 seconds
Platform modules already initialized, skipping
Shader 'Oculus/OVRMRCameraFrameLit': fallback shader 'Alpha-Diffuse' not found
Refreshing native plugins compatible for Editor in 1.72 ms, found 7 plugins.
Preloading 1 native plugins for Editor in 0.13 ms.
Unloading 2937 Unused Serialized files (Serialized files now loaded: 0)
System memory in use before: 348.2 MB.
System memory in use after: 348.4 MB.

Unloading 58 unused Assets to reduce memory usage. Loaded Objects now: 3673.
Total: 4.828800 ms (FindLiveObjects: 0.487200 ms CreateObjectMapping: 0.272400 ms MarkObjects: 3.893200 ms  DeleteObjects: 0.173800 ms)

========================================================================
Received Prepare
Registering precompiled user dll's ...
Registered in 0.013083 seconds.
Begin MonoManager ReloadAssembly
Native extension for WindowsStandalone target not found
Native extension for OSXStandalone target not found
Refreshing native plugins compatible for Editor in 1.52 ms, found 7 plugins.
Preloading 1 native plugins for Editor in 0.10 ms.
Mono: successfully reloaded assembly
- Completed reload, in  1.818 seconds
Platform modules already initialized, skipping
Shader 'Oculus/OVRMRCameraFrameLit': fallback shader 'Alpha-Diffuse' not found
Refreshing native plugins compatible for Editor in 1.67 ms, found 7 plugins.
Preloading 1 native plugins for Editor in 0.14 ms.
Unloading 2938 Unused Serialized files (Serialized files now loaded: 0)
System memory in use before: 348.3 MB.
System memory in use after: 348.4 MB.

Unloading 58 unused Assets to reduce memory usage. Loaded Objects now: 3678.
Total: 4.333400 ms (FindLiveObjects: 0.623500 ms CreateObjectMapping: 0.316000 ms MarkObjects: 3.207800 ms  DeleteObjects: 0.184100 ms)

========================================================================
Received Prepare
Registering precompiled user dll's ...
Registered in 0.011497 seconds.
Begin MonoManager ReloadAssembly
Native extension for WindowsStandalone target not found
Native extension for OSXStandalone target not found
Refreshing native plugins compatible for Editor in 1.97 ms, found 7 plugins.
Preloading 1 native plugins for Editor in 0.20 ms.
Mono: successfully reloaded assembly
- Completed reload, in  1.905 seconds
Platform modules already initialized, skipping
Shader 'Oculus/OVRMRCameraFrameLit': fallback shader 'Alpha-Diffuse' not found
Refreshing native plugins compatible for Editor in 1.79 ms, found 7 plugins.
Preloading 1 native plugins for Editor in 0.16 ms.
Unloading 2938 Unused Serialized files (Serialized files now loaded: 0)
System memory in use before: 348.3 MB.
System memory in use after: 348.4 MB.

Unloading 58 unused Assets to reduce memory usage. Loaded Objects now: 3682.
Total: 5.025000 ms (FindLiveObjects: 0.501600 ms CreateObjectMapping: 0.253700 ms MarkObjects: 3.993800 ms  DeleteObjects: 0.272500 ms)

========================================================================
Received Prepare
Registering precompiled user dll's ...
Registered in 0.010861 seconds.
Begin MonoManager ReloadAssembly
Native extension for WindowsStandalone target not found
Native extension for OSXStandalone target not found
Refreshing native plugins compatible for Editor in 1.53 ms, found 7 plugins.
Preloading 1 native plugins for Editor in 0.13 ms.
Mono: successfully reloaded assembly
- Completed reload, in  1.810 seconds
Platform modules already initialized, skipping
Shader 'Oculus/OVRMRCameraFrameLit': fallback shader 'Alpha-Diffuse' not found
Refreshing native plugins compatible for Editor in 1.57 ms, found 7 plugins.
Preloading 1 native plugins for Editor in 0.13 ms.
Unloading 2938 Unused Serialized files (Serialized files now loaded: 0)
System memory in use before: 348.3 MB.
System memory in use after: 348.4 MB.

Unloading 58 unused Assets to reduce memory usage. Loaded Objects now: 3686.
Total: 7.725500 ms (FindLiveObjects: 0.497300 ms CreateObjectMapping: 0.227800 ms MarkObjects: 6.737200 ms  DeleteObjects: 0.260800 ms)

========================================================================
Received Import Request.
  Time since last request: 6695.244576 seconds.
  path: ProjectSettings/TagManager.asset
  artifactKey: Guid(00000000000000003000000000000000) Importer(815301076,1909f56bfc062723c751e8b465ee728b)
Start importing ProjectSettings/TagManager.asset using Guid(00000000000000003000000000000000) Importer(815301076,1909f56bfc062723c751e8b465ee728b)  -> (artifact id: '25751bb87e9e551f385ddda30660d5cf') in 0.085264 seconds
  Import took 0.094994 seconds .

========================================================================
Received Prepare
Registering precompiled user dll's ...
Registered in 0.014998 seconds.
Begin MonoManager ReloadAssembly
Native extension for WindowsStandalone target not found
Native extension for OSXStandalone target not found
Refreshing native plugins compatible for Editor in 2.50 ms, found 7 plugins.
Preloading 1 native plugins for Editor in 0.17 ms.
Mono: successfully reloaded assembly
- Completed reload, in  1.920 seconds
Platform modules already initialized, skipping
Shader 'Oculus/OVRMRCameraFrameLit': fallback shader 'Alpha-Diffuse' not found
Refreshing native plugins compatible for Editor in 1.67 ms, found 7 plugins.
Preloading 1 native plugins for Editor in 0.13 ms.
Unloading 2938 Unused Serialized files (Serialized files now loaded: 0)
System memory in use before: 348.3 MB.
System memory in use after: 348.4 MB.

Unloading 59 unused Assets to reduce memory usage. Loaded Objects now: 3690.
Total: 3.948100 ms (FindLiveObjects: 0.456400 ms CreateObjectMapping: 0.233300 ms MarkObjects: 3.083900 ms  DeleteObjects: 0.173000 ms)

========================================================================
Received Prepare
Registering precompiled user dll's ...
Registered in 0.011189 seconds.
Begin MonoManager ReloadAssembly
Native extension for WindowsStandalone target not found
Native extension for OSXStandalone target not found
Refreshing native plugins compatible for Editor in 2.68 ms, found 7 plugins.
Preloading 1 native plugins for Editor in 0.17 ms.
Mono: successfully reloaded assembly
- Completed reload, in  1.674 seconds
Platform modules already initialized, skipping
Shader 'Oculus/OVRMRCameraFrameLit': fallback shader 'Alpha-Diffuse' not found
Refreshing native plugins compatible for Editor in 1.61 ms, found 7 plugins.
Preloading 1 native plugins for Editor in 0.11 ms.
Unloading 2938 Unused Serialized files (Serialized files now loaded: 0)
System memory in use before: 348.3 MB.
System memory in use after: 348.4 MB.

Unloading 58 unused Assets to reduce memory usage. Loaded Objects now: 3694.
Total: 4.209600 ms (FindLiveObjects: 0.491200 ms CreateObjectMapping: 0.260400 ms MarkObjects: 3.272100 ms  DeleteObjects: 0.183900 ms)

========================================================================
Received Prepare
Registering precompiled user dll's ...
Registered in 0.012646 seconds.
Begin MonoManager ReloadAssembly
Native extension for WindowsStandalone target not found
Native extension for OSXStandalone target not found
Refreshing native plugins compatible for Editor in 1.48 ms, found 7 plugins.
Preloading 1 native plugins for Editor in 0.10 ms.
Mono: successfully reloaded assembly
- Completed reload, in  1.672 seconds
Platform modules already initialized, skipping
Shader 'Oculus/OVRMRCameraFrameLit': fallback shader 'Alpha-Diffuse' not found
Refreshing native plugins compatible for Editor in 1.75 ms, found 7 plugins.
Preloading 1 native plugins for Editor in 0.12 ms.
Unloading 2938 Unused Serialized files (Serialized files now loaded: 0)
System memory in use before: 348.3 MB.
System memory in use after: 348.4 MB.

Unloading 58 unused Assets to reduce memory usage. Loaded Objects now: 3698.
Total: 3.913000 ms (FindLiveObjects: 0.441800 ms CreateObjectMapping: 0.237100 ms MarkObjects: 3.054800 ms  DeleteObjects: 0.177600 ms)

========================================================================
Received Prepare
Registering precompiled user dll's ...
Registered in 0.012485 seconds.
Begin MonoManager ReloadAssembly
Native extension for WindowsStandalone target not found
Native extension for OSXStandalone target not found
Refreshing native plugins compatible for Editor in 2.58 ms, found 7 plugins.
Preloading 1 native plugins for Editor in 0.16 ms.
Mono: successfully reloaded assembly
- Completed reload, in  1.708 seconds
Platform modules already initialized, skipping
Shader 'Oculus/OVRMRCameraFrameLit': fallback shader 'Alpha-Diffuse' not found
Refreshing native plugins compatible for Editor in 1.74 ms, found 7 plugins.
Preloading 1 native plugins for Editor in 0.13 ms.
Unloading 2938 Unused Serialized files (Serialized files now loaded: 0)
System memory in use before: 348.3 MB.
System memory in use after: 348.5 MB.

Unloading 58 unused Assets to reduce memory usage. Loaded Objects now: 3702.
Total: 3.858800 ms (FindLiveObjects: 0.416900 ms CreateObjectMapping: 0.285300 ms MarkObjects: 2.991800 ms  DeleteObjects: 0.163100 ms)

========================================================================
Received Prepare
Registering precompiled user dll's ...
Registered in 0.013032 seconds.
Begin MonoManager ReloadAssembly
Native extension for WindowsStandalone target not found
Native extension for OSXStandalone target not found
Refreshing native plugins compatible for Editor in 1.58 ms, found 7 plugins.
Preloading 1 native plugins for Editor in 0.13 ms.
Mono: successfully reloaded assembly
- Completed reload, in  1.849 seconds
Platform modules already initialized, skipping
Shader 'Oculus/OVRMRCameraFrameLit': fallback shader 'Alpha-Diffuse' not found
Refreshing native plugins compatible for Editor in 1.59 ms, found 7 plugins.
Preloading 1 native plugins for Editor in 0.10 ms.
Unloading 2938 Unused Serialized files (Serialized files now loaded: 0)
System memory in use before: 348.3 MB.
System memory in use after: 348.5 MB.

Unloading 58 unused Assets to reduce memory usage. Loaded Objects now: 3706.
Total: 4.146400 ms (FindLiveObjects: 0.443600 ms CreateObjectMapping: 0.238900 ms MarkObjects: 3.285000 ms  DeleteObjects: 0.177300 ms)

========================================================================
Received Prepare
Registering precompiled user dll's ...
Registered in 0.012808 seconds.
Begin MonoManager ReloadAssembly
Native extension for WindowsStandalone target not found
Native extension for OSXStandalone target not found
Refreshing native plugins compatible for Editor in 1.57 ms, found 7 plugins.
Preloading 1 native plugins for Editor in 0.11 ms.
Mono: successfully reloaded assembly
- Completed reload, in  1.747 seconds
Platform modules already initialized, skipping
Shader 'Oculus/OVRMRCameraFrameLit': fallback shader 'Alpha-Diffuse' not found
Refreshing native plugins compatible for Editor in 1.51 ms, found 7 plugins.
Preloading 1 native plugins for Editor in 0.10 ms.
Unloading 2938 Unused Serialized files (Serialized files now loaded: 0)
System memory in use before: 348.3 MB.
System memory in use after: 348.5 MB.

Unloading 58 unused Assets to reduce memory usage. Loaded Objects now: 3710.
Total: 3.698800 ms (FindLiveObjects: 0.426600 ms CreateObjectMapping: 0.215400 ms MarkObjects: 2.893900 ms  DeleteObjects: 0.161200 ms)

AssetImportWorkerClient::OnTransportError - code=2 error=End of file
